#
# There is insufficient memory for the Java Runtime Environment to continue.
# Native memory allocation (malloc) failed to allocate 111568 bytes for Chunk::new
# Possible reasons:
#   The system is out of physical RAM or swap space
#   The process is running with CompressedOops enabled, and the Java Heap may be blocking the growth of the native heap
# Possible solutions:
#   Reduce memory load on the system
#   Increase physical memory or swap space
#   Check if swap backing store is full
#   Decrease Java heap size (-Xmx/-Xms)
#   Decrease number of Java threads
#   Decrease Java thread stack sizes (-Xss)
#   Set larger code cache with -XX:ReservedCodeCacheSize=
#   JVM is running with Zero Based Compressed Oops mode in which the Java heap is
#     placed in the first 32GB address space. The Java Heap base address is the
#     maximum limit for the native heap growth. Please use -XX:HeapBaseMinAddress
#     to set the Java Heap base and to place the Java Heap above 32GB virtual address.
# This output file may be truncated or incomplete.
#
#  Out of Memory Error (./open/src/hotspot/share/memory/arena.cpp:195), pid=4928, tid=10808
#
# JRE version: OpenJDK Runtime Environment (15.0.1+9) (build 15.0.1+9-18)
# Java VM: OpenJDK 64-Bit Server VM (15.0.1+9-18, mixed mode, sharing, tiered, compressed oops, g1 gc, windows-amd64)
# No core dump will be written. Minidumps are not enabled by default on client versions of Windows
#

---------------  S U M M A R Y ------------

Command Line: -Dfile.encoding=Cp1252 -XX:+ShowCodeDetailsInExceptionMessages br.com.scr.telas.CadastrarClientes

Host: AMD Ryzen 7 3750H with Radeon Vega Mobile Gfx  , 8 cores, 13G,  Windows 10 , 64 bit Build 19041 (10.0.19041.546)
Time: Mon Nov 30 00:19:18 2020 Hora oficial do Brasil elapsed time: 1.386748 seconds (0d 0h 0m 1s)

---------------  T H R E A D  ---------------

Current thread (0x0000019db91f5ed0):  JavaThread "C2 CompilerThread0" daemon [_thread_in_native, id=10808, stack(0x000000467f600000,0x000000467f700000)]


Current CompileTask:
C2:   1386  527       4       java.lang.StringLatin1::replace (198 bytes)

Stack: [0x000000467f600000,0x000000467f700000]
Native frames: (J=compiled Java code, j=interpreted, Vv=VM code, C=native code)
V  [jvm.dll+0x62ae9a]
V  [jvm.dll+0x781389]
V  [jvm.dll+0x782ae3]
V  [jvm.dll+0x783143]
V  [jvm.dll+0x216265]
V  [jvm.dll+0x97efa]
V  [jvm.dll+0x985dc]
V  [jvm.dll+0x32e525]
V  [jvm.dll+0x2f78aa]
V  [jvm.dll+0x2f6c6a]
V  [jvm.dll+0x1ea645]
V  [jvm.dll+0x1e98ae]
V  [jvm.dll+0x1784c7]
V  [jvm.dll+0x1f9165]
V  [jvm.dll+0x1f720c]
V  [jvm.dll+0x74485d]
V  [jvm.dll+0x73d65a]
V  [jvm.dll+0x629c56]
C  [ucrtbase.dll+0x214c2]
C  [KERNEL32.DLL+0x17034]
C  [ntdll.dll+0x4cec1]


---------------  P R O C E S S  ---------------

Threads class SMR info:
_java_thread_list=0x0000019dbaa72d80, length=17, elements={
0x0000019d944979e0, 0x0000019db88b4300, 0x0000019db88b7500, 0x0000019db88d3fd0,
0x0000019db88d4890, 0x0000019db88d6570, 0x0000019db91f5ed0, 0x0000019db91f6be0,
0x0000019db9207eb0, 0x0000019db9331eb0, 0x0000019db9332380, 0x0000019db93e7830,
0x0000019db9334a00, 0x0000019db9331510, 0x0000019db93336c0, 0x0000019db9333b90,
0x0000019db9334060
}

Java Threads: ( => current thread )
  0x0000019d944979e0 JavaThread "main" [_thread_in_vm, id=22736, stack(0x000000467ea00000,0x000000467eb00000)]
  0x0000019db88b4300 JavaThread "Reference Handler" daemon [_thread_blocked, id=3376, stack(0x000000467f100000,0x000000467f200000)]
  0x0000019db88b7500 JavaThread "Finalizer" daemon [_thread_blocked, id=712, stack(0x000000467f200000,0x000000467f300000)]
  0x0000019db88d3fd0 JavaThread "Signal Dispatcher" daemon [_thread_blocked, id=23444, stack(0x000000467f300000,0x000000467f400000)]
  0x0000019db88d4890 JavaThread "Attach Listener" daemon [_thread_blocked, id=10012, stack(0x000000467f400000,0x000000467f500000)]
  0x0000019db88d6570 JavaThread "Service Thread" daemon [_thread_blocked, id=6216, stack(0x000000467f500000,0x000000467f600000)]
=>0x0000019db91f5ed0 JavaThread "C2 CompilerThread0" daemon [_thread_in_native, id=10808, stack(0x000000467f600000,0x000000467f700000)]
  0x0000019db91f6be0 JavaThread "C1 CompilerThread0" daemon [_thread_blocked, id=18452, stack(0x000000467f700000,0x000000467f800000)]
  0x0000019db9207eb0 JavaThread "Sweeper thread" daemon [_thread_blocked, id=8968, stack(0x000000467f800000,0x000000467f900000)]
  0x0000019db9331eb0 JavaThread "Notification Thread" daemon [_thread_blocked, id=1992, stack(0x000000467f900000,0x000000467fa00000)]
  0x0000019db9332380 JavaThread "Common-Cleaner" daemon [_thread_blocked, id=12548, stack(0x000000467fb00000,0x000000467fc00000)]
  0x0000019db93e7830 JavaThread "C2 CompilerThread1" daemon [_thread_blocked, id=18944, stack(0x000000467fc00000,0x000000467fd00000)]
  0x0000019db9334a00 JavaThread "Java2D Disposer" daemon [_thread_blocked, id=22876, stack(0x000000467fd00000,0x000000467fe00000)]
  0x0000019db9331510 JavaThread "AWT-Shutdown" [_thread_blocked, id=18268, stack(0x000000467fe00000,0x000000467ff00000)]
  0x0000019db93336c0 JavaThread "AWT-Windows" daemon [_thread_in_native, id=8248, stack(0x000000467ff00000,0x0000004680000000)]
  0x0000019db9333b90 JavaThread "Image Fetcher 0" daemon [_thread_blocked, id=1800, stack(0x0000004600000000,0x0000004600100000)]
  0x0000019db9334060 JavaThread "AWT-EventQueue-0" [_thread_blocked, id=6012, stack(0x0000004600100000,0x0000004600200000)]

Other Threads:
  0x0000019db88b2c70 VMThread "VM Thread" [stack: 0x000000467f000000,0x000000467f100000] [id=9564] _threads_hazard_ptr=0x0000019dbaa72d80
  0x0000019db93494c0 WatcherThread [stack: 0x000000467fa00000,0x000000467fb00000] [id=22936]
  0x0000019d944e1c40 GCTaskThread "GC Thread#0" [stack: 0x000000467eb00000,0x000000467ec00000] [id=15420]
  0x0000019d944f0fb0 ConcurrentGCThread "G1 Main Marker" [stack: 0x000000467ec00000,0x000000467ed00000] [id=21184]
  0x0000019d944f34f0 ConcurrentGCThread "G1 Conc#0" [stack: 0x000000467ed00000,0x000000467ee00000] [id=5712]
  0x0000019db87420c0 ConcurrentGCThread "G1 Refine#0" [stack: 0x000000467ee00000,0x000000467ef00000] [id=19964]
  0x0000019db8742900 ConcurrentGCThread "G1 Young RemSet Sampling" [stack: 0x000000467ef00000,0x000000467f000000] [id=19104]

Threads with active compile tasks:
C2 CompilerThread0     1400  527       4       java.lang.StringLatin1::replace (198 bytes)

VM state: synchronizing (normal execution)

VM Mutex/Monitor currently owned by a thread:  ([mutex/lock_event])
[0x0000019d944936f0] Threads_lock - owner thread: 0x0000019db88b2c70

Heap address: 0x0000000720e00000, size: 3570 MB, Compressed Oops mode: Zero based, Oop shift amount: 3
CDS archive(s) mapped at: [0x0000000800000000-0x0000000800b50000-0x0000000800b50000), size 11862016, SharedBaseAddress: 0x0000000800000000, ArchiveRelocationMode: 0.
Compressed class space mapped at: 0x0000000800b50000-0x0000000840b50000, size: 1073741824
Narrow klass base: 0x0000000800000000, Narrow klass shift: 3, Narrow klass range: 0x100000000

GC Precious Log:
 CPUs: 8 total, 8 available
 Memory: 14274M
 Large Page Support: Disabled
 NUMA Support: Disabled
 Compressed Oops: Enabled (Zero based)
 Heap Region Size: 2M
 Heap Min Capacity: 8M
 Heap Initial Capacity: 224M
 Heap Max Capacity: 3570M
 Pre-touch: Disabled
 Parallel Workers: 8
 Concurrent Workers: 2
 Concurrent Refinement Workers: 8
 Periodic GC: Disabled

Heap:
 garbage-first heap   total 229376K, used 4096K [0x0000000720e00000, 0x0000000800000000)
  region size 2048K, 4 young (8192K), 0 survivors (0K)
 Metaspace       used 4962K, capacity 5054K, committed 5248K, reserved 1058816K
  class space    used 539K, capacity 593K, committed 640K, reserved 1048576K

Heap Regions: E=young(eden), S=young(survivor), O=old, HS=humongous(starts), HC=humongous(continues), CS=collection set, F=free, OA=open archive, CA=closed archive, TAMS=top-at-mark-start (previous, next)
|   0|0x0000000720e00000, 0x0000000720e00000, 0x0000000721000000|  0%| F|  |TAMS 0x0000000720e00000, 0x0000000720e00000| Untracked 
|   1|0x0000000721000000, 0x0000000721000000, 0x0000000721200000|  0%| F|  |TAMS 0x0000000721000000, 0x0000000721000000| Untracked 
|   2|0x0000000721200000, 0x0000000721200000, 0x0000000721400000|  0%| F|  |TAMS 0x0000000721200000, 0x0000000721200000| Untracked 
|   3|0x0000000721400000, 0x0000000721400000, 0x0000000721600000|  0%| F|  |TAMS 0x0000000721400000, 0x0000000721400000| Untracked 
|   4|0x0000000721600000, 0x0000000721600000, 0x0000000721800000|  0%| F|  |TAMS 0x0000000721600000, 0x0000000721600000| Untracked 
|   5|0x0000000721800000, 0x0000000721800000, 0x0000000721a00000|  0%| F|  |TAMS 0x0000000721800000, 0x0000000721800000| Untracked 
|   6|0x0000000721a00000, 0x0000000721a00000, 0x0000000721c00000|  0%| F|  |TAMS 0x0000000721a00000, 0x0000000721a00000| Untracked 
|   7|0x0000000721c00000, 0x0000000721c00000, 0x0000000721e00000|  0%| F|  |TAMS 0x0000000721c00000, 0x0000000721c00000| Untracked 
|   8|0x0000000721e00000, 0x0000000721e00000, 0x0000000722000000|  0%| F|  |TAMS 0x0000000721e00000, 0x0000000721e00000| Untracked 
|   9|0x0000000722000000, 0x0000000722000000, 0x0000000722200000|  0%| F|  |TAMS 0x0000000722000000, 0x0000000722000000| Untracked 
|  10|0x0000000722200000, 0x0000000722200000, 0x0000000722400000|  0%| F|  |TAMS 0x0000000722200000, 0x0000000722200000| Untracked 
|  11|0x0000000722400000, 0x0000000722400000, 0x0000000722600000|  0%| F|  |TAMS 0x0000000722400000, 0x0000000722400000| Untracked 
|  12|0x0000000722600000, 0x0000000722600000, 0x0000000722800000|  0%| F|  |TAMS 0x0000000722600000, 0x0000000722600000| Untracked 
|  13|0x0000000722800000, 0x0000000722800000, 0x0000000722a00000|  0%| F|  |TAMS 0x0000000722800000, 0x0000000722800000| Untracked 
|  14|0x0000000722a00000, 0x0000000722a00000, 0x0000000722c00000|  0%| F|  |TAMS 0x0000000722a00000, 0x0000000722a00000| Untracked 
|  15|0x0000000722c00000, 0x0000000722c00000, 0x0000000722e00000|  0%| F|  |TAMS 0x0000000722c00000, 0x0000000722c00000| Untracked 
|  16|0x0000000722e00000, 0x0000000722e00000, 0x0000000723000000|  0%| F|  |TAMS 0x0000000722e00000, 0x0000000722e00000| Untracked 
|  17|0x0000000723000000, 0x0000000723000000, 0x0000000723200000|  0%| F|  |TAMS 0x0000000723000000, 0x0000000723000000| Untracked 
|  18|0x0000000723200000, 0x0000000723200000, 0x0000000723400000|  0%| F|  |TAMS 0x0000000723200000, 0x0000000723200000| Untracked 
|  19|0x0000000723400000, 0x0000000723400000, 0x0000000723600000|  0%| F|  |TAMS 0x0000000723400000, 0x0000000723400000| Untracked 
|  20|0x0000000723600000, 0x0000000723600000, 0x0000000723800000|  0%| F|  |TAMS 0x0000000723600000, 0x0000000723600000| Untracked 
|  21|0x0000000723800000, 0x0000000723800000, 0x0000000723a00000|  0%| F|  |TAMS 0x0000000723800000, 0x0000000723800000| Untracked 
|  22|0x0000000723a00000, 0x0000000723a00000, 0x0000000723c00000|  0%| F|  |TAMS 0x0000000723a00000, 0x0000000723a00000| Untracked 
|  23|0x0000000723c00000, 0x0000000723c00000, 0x0000000723e00000|  0%| F|  |TAMS 0x0000000723c00000, 0x0000000723c00000| Untracked 
|  24|0x0000000723e00000, 0x0000000723e00000, 0x0000000724000000|  0%| F|  |TAMS 0x0000000723e00000, 0x0000000723e00000| Untracked 
|  25|0x0000000724000000, 0x0000000724000000, 0x0000000724200000|  0%| F|  |TAMS 0x0000000724000000, 0x0000000724000000| Untracked 
|  26|0x0000000724200000, 0x0000000724200000, 0x0000000724400000|  0%| F|  |TAMS 0x0000000724200000, 0x0000000724200000| Untracked 
|  27|0x0000000724400000, 0x0000000724400000, 0x0000000724600000|  0%| F|  |TAMS 0x0000000724400000, 0x0000000724400000| Untracked 
|  28|0x0000000724600000, 0x0000000724600000, 0x0000000724800000|  0%| F|  |TAMS 0x0000000724600000, 0x0000000724600000| Untracked 
|  29|0x0000000724800000, 0x0000000724800000, 0x0000000724a00000|  0%| F|  |TAMS 0x0000000724800000, 0x0000000724800000| Untracked 
|  30|0x0000000724a00000, 0x0000000724a00000, 0x0000000724c00000|  0%| F|  |TAMS 0x0000000724a00000, 0x0000000724a00000| Untracked 
|  31|0x0000000724c00000, 0x0000000724c00000, 0x0000000724e00000|  0%| F|  |TAMS 0x0000000724c00000, 0x0000000724c00000| Untracked 
|  32|0x0000000724e00000, 0x0000000724e00000, 0x0000000725000000|  0%| F|  |TAMS 0x0000000724e00000, 0x0000000724e00000| Untracked 
|  33|0x0000000725000000, 0x0000000725000000, 0x0000000725200000|  0%| F|  |TAMS 0x0000000725000000, 0x0000000725000000| Untracked 
|  34|0x0000000725200000, 0x0000000725200000, 0x0000000725400000|  0%| F|  |TAMS 0x0000000725200000, 0x0000000725200000| Untracked 
|  35|0x0000000725400000, 0x0000000725400000, 0x0000000725600000|  0%| F|  |TAMS 0x0000000725400000, 0x0000000725400000| Untracked 
|  36|0x0000000725600000, 0x0000000725600000, 0x0000000725800000|  0%| F|  |TAMS 0x0000000725600000, 0x0000000725600000| Untracked 
|  37|0x0000000725800000, 0x0000000725800000, 0x0000000725a00000|  0%| F|  |TAMS 0x0000000725800000, 0x0000000725800000| Untracked 
|  38|0x0000000725a00000, 0x0000000725a00000, 0x0000000725c00000|  0%| F|  |TAMS 0x0000000725a00000, 0x0000000725a00000| Untracked 
|  39|0x0000000725c00000, 0x0000000725c00000, 0x0000000725e00000|  0%| F|  |TAMS 0x0000000725c00000, 0x0000000725c00000| Untracked 
|  40|0x0000000725e00000, 0x0000000725e00000, 0x0000000726000000|  0%| F|  |TAMS 0x0000000725e00000, 0x0000000725e00000| Untracked 
|  41|0x0000000726000000, 0x0000000726000000, 0x0000000726200000|  0%| F|  |TAMS 0x0000000726000000, 0x0000000726000000| Untracked 
|  42|0x0000000726200000, 0x0000000726200000, 0x0000000726400000|  0%| F|  |TAMS 0x0000000726200000, 0x0000000726200000| Untracked 
|  43|0x0000000726400000, 0x0000000726400000, 0x0000000726600000|  0%| F|  |TAMS 0x0000000726400000, 0x0000000726400000| Untracked 
|  44|0x0000000726600000, 0x0000000726600000, 0x0000000726800000|  0%| F|  |TAMS 0x0000000726600000, 0x0000000726600000| Untracked 
|  45|0x0000000726800000, 0x0000000726800000, 0x0000000726a00000|  0%| F|  |TAMS 0x0000000726800000, 0x0000000726800000| Untracked 
|  46|0x0000000726a00000, 0x0000000726a00000, 0x0000000726c00000|  0%| F|  |TAMS 0x0000000726a00000, 0x0000000726a00000| Untracked 
|  47|0x0000000726c00000, 0x0000000726c00000, 0x0000000726e00000|  0%| F|  |TAMS 0x0000000726c00000, 0x0000000726c00000| Untracked 
|  48|0x0000000726e00000, 0x0000000726e00000, 0x0000000727000000|  0%| F|  |TAMS 0x0000000726e00000, 0x0000000726e00000| Untracked 
|  49|0x0000000727000000, 0x0000000727000000, 0x0000000727200000|  0%| F|  |TAMS 0x0000000727000000, 0x0000000727000000| Untracked 
|  50|0x0000000727200000, 0x0000000727200000, 0x0000000727400000|  0%| F|  |TAMS 0x0000000727200000, 0x0000000727200000| Untracked 
|  51|0x0000000727400000, 0x0000000727400000, 0x0000000727600000|  0%| F|  |TAMS 0x0000000727400000, 0x0000000727400000| Untracked 
|  52|0x0000000727600000, 0x0000000727600000, 0x0000000727800000|  0%| F|  |TAMS 0x0000000727600000, 0x0000000727600000| Untracked 
|  53|0x0000000727800000, 0x0000000727800000, 0x0000000727a00000|  0%| F|  |TAMS 0x0000000727800000, 0x0000000727800000| Untracked 
|  54|0x0000000727a00000, 0x0000000727a00000, 0x0000000727c00000|  0%| F|  |TAMS 0x0000000727a00000, 0x0000000727a00000| Untracked 
|  55|0x0000000727c00000, 0x0000000727c00000, 0x0000000727e00000|  0%| F|  |TAMS 0x0000000727c00000, 0x0000000727c00000| Untracked 
|  56|0x0000000727e00000, 0x0000000727e00000, 0x0000000728000000|  0%| F|  |TAMS 0x0000000727e00000, 0x0000000727e00000| Untracked 
|  57|0x0000000728000000, 0x0000000728000000, 0x0000000728200000|  0%| F|  |TAMS 0x0000000728000000, 0x0000000728000000| Untracked 
|  58|0x0000000728200000, 0x0000000728200000, 0x0000000728400000|  0%| F|  |TAMS 0x0000000728200000, 0x0000000728200000| Untracked 
|  59|0x0000000728400000, 0x0000000728400000, 0x0000000728600000|  0%| F|  |TAMS 0x0000000728400000, 0x0000000728400000| Untracked 
|  60|0x0000000728600000, 0x0000000728600000, 0x0000000728800000|  0%| F|  |TAMS 0x0000000728600000, 0x0000000728600000| Untracked 
|  61|0x0000000728800000, 0x0000000728800000, 0x0000000728a00000|  0%| F|  |TAMS 0x0000000728800000, 0x0000000728800000| Untracked 
|  62|0x0000000728a00000, 0x0000000728a00000, 0x0000000728c00000|  0%| F|  |TAMS 0x0000000728a00000, 0x0000000728a00000| Untracked 
|  63|0x0000000728c00000, 0x0000000728c00000, 0x0000000728e00000|  0%| F|  |TAMS 0x0000000728c00000, 0x0000000728c00000| Untracked 
|  64|0x0000000728e00000, 0x0000000728e00000, 0x0000000729000000|  0%| F|  |TAMS 0x0000000728e00000, 0x0000000728e00000| Untracked 
|  65|0x0000000729000000, 0x0000000729000000, 0x0000000729200000|  0%| F|  |TAMS 0x0000000729000000, 0x0000000729000000| Untracked 
|  66|0x0000000729200000, 0x0000000729200000, 0x0000000729400000|  0%| F|  |TAMS 0x0000000729200000, 0x0000000729200000| Untracked 
|  67|0x0000000729400000, 0x0000000729400000, 0x0000000729600000|  0%| F|  |TAMS 0x0000000729400000, 0x0000000729400000| Untracked 
|  68|0x0000000729600000, 0x0000000729600000, 0x0000000729800000|  0%| F|  |TAMS 0x0000000729600000, 0x0000000729600000| Untracked 
|  69|0x0000000729800000, 0x0000000729800000, 0x0000000729a00000|  0%| F|  |TAMS 0x0000000729800000, 0x0000000729800000| Untracked 
|  70|0x0000000729a00000, 0x0000000729a00000, 0x0000000729c00000|  0%| F|  |TAMS 0x0000000729a00000, 0x0000000729a00000| Untracked 
|  71|0x0000000729c00000, 0x0000000729c00000, 0x0000000729e00000|  0%| F|  |TAMS 0x0000000729c00000, 0x0000000729c00000| Untracked 
|  72|0x0000000729e00000, 0x0000000729e00000, 0x000000072a000000|  0%| F|  |TAMS 0x0000000729e00000, 0x0000000729e00000| Untracked 
|  73|0x000000072a000000, 0x000000072a000000, 0x000000072a200000|  0%| F|  |TAMS 0x000000072a000000, 0x000000072a000000| Untracked 
|  74|0x000000072a200000, 0x000000072a200000, 0x000000072a400000|  0%| F|  |TAMS 0x000000072a200000, 0x000000072a200000| Untracked 
|  75|0x000000072a400000, 0x000000072a400000, 0x000000072a600000|  0%| F|  |TAMS 0x000000072a400000, 0x000000072a400000| Untracked 
|  76|0x000000072a600000, 0x000000072a600000, 0x000000072a800000|  0%| F|  |TAMS 0x000000072a600000, 0x000000072a600000| Untracked 
|  77|0x000000072a800000, 0x000000072a800000, 0x000000072aa00000|  0%| F|  |TAMS 0x000000072a800000, 0x000000072a800000| Untracked 
|  78|0x000000072aa00000, 0x000000072aa00000, 0x000000072ac00000|  0%| F|  |TAMS 0x000000072aa00000, 0x000000072aa00000| Untracked 
|  79|0x000000072ac00000, 0x000000072ac00000, 0x000000072ae00000|  0%| F|  |TAMS 0x000000072ac00000, 0x000000072ac00000| Untracked 
|  80|0x000000072ae00000, 0x000000072ae00000, 0x000000072b000000|  0%| F|  |TAMS 0x000000072ae00000, 0x000000072ae00000| Untracked 
|  81|0x000000072b000000, 0x000000072b000000, 0x000000072b200000|  0%| F|  |TAMS 0x000000072b000000, 0x000000072b000000| Untracked 
|  82|0x000000072b200000, 0x000000072b200000, 0x000000072b400000|  0%| F|  |TAMS 0x000000072b200000, 0x000000072b200000| Untracked 
|  83|0x000000072b400000, 0x000000072b400000, 0x000000072b600000|  0%| F|  |TAMS 0x000000072b400000, 0x000000072b400000| Untracked 
|  84|0x000000072b600000, 0x000000072b600000, 0x000000072b800000|  0%| F|  |TAMS 0x000000072b600000, 0x000000072b600000| Untracked 
|  85|0x000000072b800000, 0x000000072b800000, 0x000000072ba00000|  0%| F|  |TAMS 0x000000072b800000, 0x000000072b800000| Untracked 
|  86|0x000000072ba00000, 0x000000072ba00000, 0x000000072bc00000|  0%| F|  |TAMS 0x000000072ba00000, 0x000000072ba00000| Untracked 
|  87|0x000000072bc00000, 0x000000072bc00000, 0x000000072be00000|  0%| F|  |TAMS 0x000000072bc00000, 0x000000072bc00000| Untracked 
|  88|0x000000072be00000, 0x000000072be00000, 0x000000072c000000|  0%| F|  |TAMS 0x000000072be00000, 0x000000072be00000| Untracked 
|  89|0x000000072c000000, 0x000000072c000000, 0x000000072c200000|  0%| F|  |TAMS 0x000000072c000000, 0x000000072c000000| Untracked 
|  90|0x000000072c200000, 0x000000072c200000, 0x000000072c400000|  0%| F|  |TAMS 0x000000072c200000, 0x000000072c200000| Untracked 
|  91|0x000000072c400000, 0x000000072c400000, 0x000000072c600000|  0%| F|  |TAMS 0x000000072c400000, 0x000000072c400000| Untracked 
|  92|0x000000072c600000, 0x000000072c600000, 0x000000072c800000|  0%| F|  |TAMS 0x000000072c600000, 0x000000072c600000| Untracked 
|  93|0x000000072c800000, 0x000000072c800000, 0x000000072ca00000|  0%| F|  |TAMS 0x000000072c800000, 0x000000072c800000| Untracked 
|  94|0x000000072ca00000, 0x000000072ca00000, 0x000000072cc00000|  0%| F|  |TAMS 0x000000072ca00000, 0x000000072ca00000| Untracked 
|  95|0x000000072cc00000, 0x000000072cc00000, 0x000000072ce00000|  0%| F|  |TAMS 0x000000072cc00000, 0x000000072cc00000| Untracked 
|  96|0x000000072ce00000, 0x000000072ce00000, 0x000000072d000000|  0%| F|  |TAMS 0x000000072ce00000, 0x000000072ce00000| Untracked 
|  97|0x000000072d000000, 0x000000072d000000, 0x000000072d200000|  0%| F|  |TAMS 0x000000072d000000, 0x000000072d000000| Untracked 
|  98|0x000000072d200000, 0x000000072d200000, 0x000000072d400000|  0%| F|  |TAMS 0x000000072d200000, 0x000000072d200000| Untracked 
|  99|0x000000072d400000, 0x000000072d400000, 0x000000072d600000|  0%| F|  |TAMS 0x000000072d400000, 0x000000072d400000| Untracked 
| 100|0x000000072d600000, 0x000000072d600000, 0x000000072d800000|  0%| F|  |TAMS 0x000000072d600000, 0x000000072d600000| Untracked 
| 101|0x000000072d800000, 0x000000072d800000, 0x000000072da00000|  0%| F|  |TAMS 0x000000072d800000, 0x000000072d800000| Untracked 
| 102|0x000000072da00000, 0x000000072da00000, 0x000000072dc00000|  0%| F|  |TAMS 0x000000072da00000, 0x000000072da00000| Untracked 
| 103|0x000000072dc00000, 0x000000072dc00000, 0x000000072de00000|  0%| F|  |TAMS 0x000000072dc00000, 0x000000072dc00000| Untracked 
| 104|0x000000072de00000, 0x000000072de00000, 0x000000072e000000|  0%| F|  |TAMS 0x000000072de00000, 0x000000072de00000| Untracked 
| 105|0x000000072e000000, 0x000000072e000000, 0x000000072e200000|  0%| F|  |TAMS 0x000000072e000000, 0x000000072e000000| Untracked 
| 106|0x000000072e200000, 0x000000072e200000, 0x000000072e400000|  0%| F|  |TAMS 0x000000072e200000, 0x000000072e200000| Untracked 
| 107|0x000000072e400000, 0x000000072e400000, 0x000000072e600000|  0%| F|  |TAMS 0x000000072e400000, 0x000000072e400000| Untracked 
| 108|0x000000072e600000, 0x000000072e752788, 0x000000072e800000| 66%| E|  |TAMS 0x000000072e600000, 0x000000072e600000| Complete 
| 109|0x000000072e800000, 0x000000072ea00000, 0x000000072ea00000|100%| E|CS|TAMS 0x000000072e800000, 0x000000072e800000| Complete 
| 110|0x000000072ea00000, 0x000000072ec00000, 0x000000072ec00000|100%| E|CS|TAMS 0x000000072ea00000, 0x000000072ea00000| Complete 
| 111|0x000000072ec00000, 0x000000072ee00000, 0x000000072ee00000|100%| E|  |TAMS 0x000000072ec00000, 0x000000072ec00000| Complete 

Card table byte_map: [0x0000019dae020000,0x0000019dae720000] _byte_map_base: 0x0000019daa719000

Marking Bits (Prev, Next): (CMBitMap*) 0x0000019d944e2330, (CMBitMap*) 0x0000019d944e2370
 Prev Bits: [0x0000019daee20000, 0x0000019db25e8000)
 Next Bits: [0x0000019db25f0000, 0x0000019db5db8000)

Polling page: 0x0000019d94560000

Metaspace:

Usage:
  Non-class:      4.36 MB capacity,     4.32 MB (>99%) used,    31.27 KB ( <1%) free+waste,     6.75 KB ( <1%) overhead. 
      Class:    593.00 KB capacity,   539.95 KB ( 91%) used,    49.67 KB (  8%) free+waste,     3.38 KB ( <1%) overhead. 
       Both:      4.94 MB capacity,     4.85 MB ( 98%) used,    80.94 KB (  2%) free+waste,    10.12 KB ( <1%) overhead. 

Virtual space:
  Non-class space:       10.00 MB reserved,       4.50 MB ( 45%) committed 
      Class space:        1.00 GB reserved,     640.00 KB ( <1%) committed 
             Both:        1.01 GB reserved,       5.12 MB ( <1%) committed 

Chunk freelists:
   Non-Class:  19.00 KB
       Class:  15.00 KB
        Both:  34.00 KB

MaxMetaspaceSize: 17179869184.00 GB
CompressedClassSpaceSize: 1.00 GB

CodeHeap 'non-profiled nmethods': size=120000Kb used=165Kb max_used=165Kb free=119834Kb
 bounds [0x0000019da5980000, 0x0000019da5bf0000, 0x0000019daceb0000]
CodeHeap 'profiled nmethods': size=120000Kb used=728Kb max_used=728Kb free=119271Kb
 bounds [0x0000019d9e450000, 0x0000019d9e6c0000, 0x0000019da5980000]
CodeHeap 'non-nmethods': size=5760Kb used=1217Kb max_used=1217Kb free=4543Kb
 bounds [0x0000019d9deb0000, 0x0000019d9e120000, 0x0000019d9e450000]
 total_blobs=1029 nmethods=539 adapters=403
 compilation: enabled
              stopped_count=0, restarted_count=0
 full_count=0

Compilation events (20 events):
Event: 0.321 Thread 0x0000019db91f6be0 nmethod 516 0x0000019d9e4fcb90 code [0x0000019d9e4fcda0, 0x0000019d9e4fd848]
Event: 0.324 Thread 0x0000019db91f6be0  518       3       java.lang.StringConcatHelper::checkOverflow (17 bytes)
Event: 0.325 Thread 0x0000019db91f6be0 nmethod 518 0x0000019d9e4fdb90 code [0x0000019d9e4fdd40, 0x0000019d9e4fdf28]
Event: 0.326 Thread 0x0000019db91f6be0  519       3       java.lang.invoke.MemberName$Factory::resolveOrFail (53 bytes)
Event: 0.327 Thread 0x0000019db91f6be0 nmethod 519 0x0000019d9e4fe010 code [0x0000019d9e4fe220, 0x0000019d9e4fe998]
Event: 0.327 Thread 0x0000019db91f6be0  521       3       sun.invoke.util.BytecodeDescriptor::unparseSig (49 bytes)
Event: 0.327 Thread 0x0000019db91f6be0 nmethod 521 0x0000019d9e4fec10 code [0x0000019d9e4fee20, 0x0000019d9e4ff328]
Event: 0.327 Thread 0x0000019db91f6be0  522       3       sun.invoke.util.Wrapper::forBasicType (16 bytes)
Event: 0.327 Thread 0x0000019db91f6be0 nmethod 522 0x0000019d9e4ff590 code [0x0000019d9e4ff740, 0x0000019d9e4ff8c8]
Event: 0.327 Thread 0x0000019db91f6be0  524       3       java.lang.invoke.InvokerBytecodeGenerator::emitStoreResult (27 bytes)
Event: 0.327 Thread 0x0000019db91f5ed0  527       4       java.lang.StringLatin1::replace (198 bytes)
Event: 0.327 Thread 0x0000019db91f6be0 nmethod 524 0x0000019d9e4ff990 code [0x0000019d9e4ffb40, 0x0000019d9e4ffd28]
Event: 0.327 Thread 0x0000019db91f6be0  525       3       java.lang.invoke.LambdaForm$NamedFunction::member (26 bytes)
Event: 0.328 Thread 0x0000019db91f6be0 nmethod 525 0x0000019d9e4ffe10 code [0x0000019d9e4fffa0, 0x0000019d9e5000b8]
Event: 0.328 Thread 0x0000019db91f6be0  526       3       java.lang.invoke.InvokerBytecodeGenerator::isStaticallyInvocable (174 bytes)
Event: 0.329 Thread 0x0000019db91f6be0 nmethod 526 0x0000019d9e500190 code [0x0000019d9e500640, 0x0000019d9e502a48]
Event: 0.329 Thread 0x0000019db91f6be0  530       3       jdk.internal.org.objectweb.asm.Frame::push (59 bytes)
Event: 0.330 Thread 0x0000019db91f6be0 nmethod 530 0x0000019d9e503410 code [0x0000019d9e503640, 0x0000019d9e503d98]
Event: 0.330 Thread 0x0000019db91f6be0  531       3       jdk.internal.org.objectweb.asm.MethodWriter::visitTypeInsn (116 bytes)
Event: 0.330 Thread 0x0000019db91f6be0 nmethod 531 0x0000019d9e504090 code [0x0000019d9e504280, 0x0000019d9e504688]

GC Heap History (0 events):
No events

Deoptimization events (4 events):
Event: 0.133 Thread 0x0000019d944979e0 Uncommon trap: trap_request=0xffffff45 fr.pc=0x0000019da59844bc relative=0x000000000000021c
Event: 0.133 Thread 0x0000019d944979e0 Uncommon trap: reason=unstable_if action=reinterpret pc=0x0000019da59844bc method=java.lang.String.hashCode()I @ 13 c2
Event: 0.133 Thread 0x0000019d944979e0 DEOPT PACKING pc=0x0000019da59844bc sp=0x000000467eafce40
Event: 0.133 Thread 0x0000019d944979e0 DEOPT UNPACKING pc=0x0000019d9defe42f sp=0x000000467eafcdd8 mode 2

Classes unloaded (0 events):
No events

Classes redefined (0 events):
No events

Internal exceptions (12 events):
Event: 0.079 Thread 0x0000019d944979e0 Exception <a 'java/lang/NoSuchMethodError'{0x000000072ecb8258}: 'void java.lang.invoke.DirectMethodHandle$Holder.invokeSpecial(java.lang.Object, java.lang.Object, java.lang.Object)'> (0x000000072ecb8258) 
thrown [./open/src/hotspot/share/interpreter/linkResolver.cpp, line 782]
Event: 0.133 Thread 0x0000019d944979e0 Exception <a 'java/lang/ClassNotFoundException'{0x000000072eb81140}: sun/awt/resources/spi/awtProvider> (0x000000072eb81140) 
thrown [./open/src/hotspot/share/classfile/systemDictionary.cpp, line 295]
Event: 0.154 Thread 0x0000019d944979e0 Exception <a 'java/io/FileNotFoundException'{0x000000072ebdd0d8}> (0x000000072ebdd0d8) 
thrown [./open/src/hotspot/share/prims/jni.cpp, line 578]
Event: 0.160 Thread 0x0000019d944979e0 Exception <a 'java/io/FileNotFoundException'{0x000000072e80bf80}> (0x000000072e80bf80) 
thrown [./open/src/hotspot/share/prims/jni.cpp, line 578]
Event: 0.161 Thread 0x0000019d944979e0 Exception <a 'java/lang/NoSuchMethodError'{0x000000072e80d1c8}: 'java.lang.Object java.lang.invoke.DirectMethodHandle$Holder.invokeStatic(java.lang.Object)'> (0x000000072e80d1c8) 
thrown [./open/src/hotspot/share/interpreter/linkResolver.cpp, line 782]
Event: 0.191 Thread 0x0000019d944979e0 Exception <a 'java/lang/NoSuchMethodError'{0x000000072e856cc0}: 'java.lang.Object java.lang.invoke.DirectMethodHandle$Holder.invokeStaticInit(java.lang.Object)'> (0x000000072e856cc0) 
thrown [./open/src/hotspot/share/interpreter/linkResolver.cpp, line 782]
Event: 0.283 Thread 0x0000019d944979e0 Exception <a 'java/lang/NoSuchMethodError'{0x000000072e939958}: 'java.lang.Object java.lang.invoke.DirectMethodHandle$Holder.newInvokeSpecial(java.lang.Object, java.lang.Object, java.lang.Object, java.lang.Object, java.lang.Object)'> (0x000000072e939958) 
thrown [./open/src/hotspot/share/interpreter/linkResolver.cpp, line 782]
Event: 0.284 Thread 0x0000019d944979e0 Exception <a 'java/lang/NoSuchMethodError'{0x000000072e9453e8}: 'java.lang.Object java.lang.invoke.DirectMethodHandle$Holder.invokeStatic(java.lang.Object, int, java.lang.Object, java.lang.Object, java.lang.Object, java.lang.Object)'> (0x000000072e9453e8) 
thrown [./open/src/hotspot/share/interpreter/linkResolver.cpp, line 782]
Event: 0.289 Thread 0x0000019d944979e0 Exception <a 'java/lang/NoSuchMethodError'{0x000000072e96b8d0}: 'java.lang.Object java.lang.invoke.DirectMethodHandle$Holder.invokeStatic(java.lang.Object, int, java.lang.Object)'> (0x000000072e96b8d0) 
thrown [./open/src/hotspot/share/interpreter/linkResolver.cpp, line 782]
Event: 0.309 Thread 0x0000019d944979e0 Exception <a 'java/lang/ClassNotFoundException'{0x000000072e623d20}: com/sun/swing/internal/plaf/metal/resources/spi/metalProvider> (0x000000072e623d20) 
thrown [./open/src/hotspot/share/classfile/systemDictionary.cpp, line 295]
Event: 0.310 Thread 0x0000019d944979e0 Exception <a 'java/lang/ClassNotFoundException'{0x000000072e627eb8}: com/sun/swing/internal/plaf/basic/resources/spi/basicProvider> (0x000000072e627eb8) 
thrown [./open/src/hotspot/share/classfile/systemDictionary.cpp, line 295]
Event: 0.327 Thread 0x0000019db9333b90 Exception <a 'java/lang/NoSuchMethodError'{0x000000072e67fe00}: 'java.lang.Object java.lang.invoke.DirectMethodHandle$Holder.newInvokeSpecial(java.lang.Object, java.lang.Object, java.lang.Object, int, int, int, int, int)'> (0x000000072e67fe00) 
thrown [./open/src/hotspot/share/interpreter/linkResolver.cpp, line 782]

Events (20 events):
Event: 0.330 loading class sun/awt/image/SunWritableRaster
Event: 0.330 loading class java/awt/image/WritableRaster
Event: 0.330 loading class java/awt/image/WritableRaster done
Event: 0.330 loading class sun/awt/image/SunWritableRaster done
Event: 0.330 loading class java/awt/image/SinglePixelPackedSampleModel
Event: 0.330 loading class java/awt/image/SampleModel
Event: 0.330 loading class java/awt/image/SampleModel done
Event: 0.330 loading class java/awt/image/SinglePixelPackedSampleModel done
Event: 0.331 loading class sun/awt/image/IntegerInterleavedRaster
Event: 0.331 loading class sun/awt/image/IntegerComponentRaster
Event: 0.331 loading class sun/awt/image/IntegerComponentRaster done
Event: 0.331 loading class sun/awt/image/IntegerInterleavedRaster done
Event: 0.332 loading class java/awt/image/BufferedImage
Event: 0.332 loading class java/awt/image/WritableRenderedImage
Event: 0.332 loading class java/awt/image/RenderedImage
Event: 0.332 loading class java/awt/image/RenderedImage done
Event: 0.332 loading class java/awt/image/WritableRenderedImage done
Event: 0.332 loading class java/awt/image/BufferedImage done
Event: 0.332 loading class java/awt/image/BufferedImage$1
Event: 0.332 loading class java/awt/image/BufferedImage$1 done


Dynamic libraries:
0x00007ff6f67f0000 - 0x00007ff6f67fd000 	C:\Program Files (x86)\Java\jdk-15.0.1\bin\javaw.exe
0x00007ffcb4b30000 - 0x00007ffcb4d26000 	C:\Windows\SYSTEM32\ntdll.dll
0x00007ffcb39a0000 - 0x00007ffcb3a5d000 	C:\Windows\System32\KERNEL32.DLL
0x00007ffcb2370000 - 0x00007ffcb2638000 	C:\Windows\System32\KERNELBASE.dll
0x00007ffcafbd0000 - 0x00007ffcafc60000 	C:\Windows\SYSTEM32\apphelp.dll
0x00007ffcb2270000 - 0x00007ffcb2370000 	C:\Windows\System32\ucrtbase.dll
0x00007ffcaa830000 - 0x00007ffcaa849000 	C:\Program Files (x86)\Java\jdk-15.0.1\bin\VCRUNTIME140.dll
0x00007ffcac4d0000 - 0x00007ffcac4e8000 	C:\Program Files (x86)\Java\jdk-15.0.1\bin\jli.dll
0x00007ffcb3c10000 - 0x00007ffcb3db0000 	C:\Windows\System32\USER32.dll
0x00007ffcb2960000 - 0x00007ffcb2982000 	C:\Windows\System32\win32u.dll
0x00007ffc9c0c0000 - 0x00007ffc9c35b000 	C:\Windows\WinSxS\amd64_microsoft.windows.common-controls_6595b64144ccf1df_6.0.19041.488_none_ca04af081b815d21\COMCTL32.dll
0x00007ffcb3ee0000 - 0x00007ffcb3f0a000 	C:\Windows\System32\GDI32.dll
0x00007ffcb33f0000 - 0x00007ffcb348e000 	C:\Windows\System32\msvcrt.dll
0x00007ffcb2670000 - 0x00007ffcb2779000 	C:\Windows\System32\gdi32full.dll
0x00007ffcb2990000 - 0x00007ffcb2a2d000 	C:\Windows\System32\msvcp_win.dll
0x00007ffcb40f0000 - 0x00007ffcb4120000 	C:\Windows\System32\IMM32.DLL
0x00007ffcac7a0000 - 0x00007ffcac7ac000 	C:\Program Files (x86)\Java\jdk-15.0.1\bin\vcruntime140_1.dll
0x00007ffcaa260000 - 0x00007ffcaa2f1000 	C:\Program Files (x86)\Java\jdk-15.0.1\bin\msvcp140.dll
0x00007ffc7c390000 - 0x00007ffc7ceee000 	C:\Program Files (x86)\Java\jdk-15.0.1\bin\server\jvm.dll
0x00007ffcb3340000 - 0x00007ffcb33ec000 	C:\Windows\System32\ADVAPI32.dll
0x00007ffcb3dc0000 - 0x00007ffcb3e5b000 	C:\Windows\System32\sechost.dll
0x00007ffcb3870000 - 0x00007ffcb3994000 	C:\Windows\System32\RPCRT4.dll
0x00007ffcb3860000 - 0x00007ffcb3868000 	C:\Windows\System32\PSAPI.DLL
0x00007ffcafaa0000 - 0x00007ffcafaa9000 	C:\Windows\SYSTEM32\WSOCK32.dll
0x00007ffca75f0000 - 0x00007ffca7617000 	C:\Windows\SYSTEM32\WINMM.dll
0x00007ffca9840000 - 0x00007ffca984a000 	C:\Windows\SYSTEM32\VERSION.dll
0x00007ffcb3ba0000 - 0x00007ffcb3c0b000 	C:\Windows\System32\WS2_32.dll
0x00007ffcb01c0000 - 0x00007ffcb01d2000 	C:\Windows\SYSTEM32\kernel.appcore.dll
0x00007ffcafa60000 - 0x00007ffcafa6a000 	C:\Program Files (x86)\Java\jdk-15.0.1\bin\jimage.dll
0x00007ffca14c0000 - 0x00007ffca16a4000 	C:\Windows\SYSTEM32\DBGHELP.DLL
0x00007ffca1220000 - 0x00007ffca124c000 	C:\Windows\SYSTEM32\dbgcore.DLL
0x00007ffcb28e0000 - 0x00007ffcb295f000 	C:\Windows\System32\bcryptPrimitives.dll
0x00007ffcab690000 - 0x00007ffcab6b5000 	C:\Program Files (x86)\Java\jdk-15.0.1\bin\java.dll
0x00007ffcb2bf0000 - 0x00007ffcb3331000 	C:\Windows\System32\SHELL32.dll
0x00007ffcb03c0000 - 0x00007ffcb0b55000 	C:\Windows\SYSTEM32\windows.storage.dll
0x00007ffcb4120000 - 0x00007ffcb4475000 	C:\Windows\System32\combase.dll
0x00007ffcb1ce0000 - 0x00007ffcb1d0c000 	C:\Windows\SYSTEM32\Wldp.dll
0x00007ffcb49e0000 - 0x00007ffcb4a8e000 	C:\Windows\System32\SHCORE.dll
0x00007ffcb4a90000 - 0x00007ffcb4ae5000 	C:\Windows\System32\shlwapi.dll
0x00007ffcb21a0000 - 0x00007ffcb21c6000 	C:\Windows\SYSTEM32\profapi.dll
0x00007ffcade10000 - 0x00007ffcade20000 	C:\Program Files (x86)\Java\jdk-15.0.1\bin\verify.dll
0x00007ffcac6b0000 - 0x00007ffcac6c9000 	C:\Program Files (x86)\Java\jdk-15.0.1\bin\net.dll
0x00007ffca47a0000 - 0x00007ffca48a0000 	C:\Windows\SYSTEM32\WINHTTP.dll
0x00007ffcb1a10000 - 0x00007ffcb1a7a000 	C:\Windows\system32\mswsock.dll
0x00007ffcab220000 - 0x00007ffcab232000 	C:\Program Files (x86)\Java\jdk-15.0.1\bin\nio.dll
0x00007ffcaa350000 - 0x00007ffcaa368000 	C:\Program Files (x86)\Java\jdk-15.0.1\bin\zip.dll
0x00007ffca3910000 - 0x00007ffca3a8f000 	C:\Program Files (x86)\Java\jdk-15.0.1\bin\awt.dll
0x00007ffcb3780000 - 0x00007ffcb384d000 	C:\Windows\System32\OLEAUT32.dll
0x00007ffcaffe0000 - 0x00007ffcb000f000 	C:\Windows\system32\DWMAPI.DLL
0x00007ffcafd00000 - 0x00007ffcafd9e000 	C:\Windows\system32\uxtheme.dll
0x00007ffcb3a80000 - 0x00007ffcb3b95000 	C:\Windows\System32\MSCTF.dll
0x00007ffcb3fc0000 - 0x00007ffcb40ea000 	C:\Windows\System32\ole32.dll
0x00007ffcaa3f0000 - 0x00007ffcaa5be000 	C:\Windows\system32\d3d9.dll
0x00007ffca7620000 - 0x00007ffca77fb000 	C:\Windows\System32\DriverStore\FileRepository\u0357645.inf_amd64_3c66802dbd4d45a0\B357435\aticfx64.dll
0x00007ffcaa7c0000 - 0x00007ffcaa7f3000 	C:\Windows\System32\DriverStore\FileRepository\u0357645.inf_amd64_3c66802dbd4d45a0\B357435\atiu9p64.dll
0x00007ffc76d10000 - 0x00007ffc779a6000 	C:\Windows\System32\DriverStore\FileRepository\u0357645.inf_amd64_3c66802dbd4d45a0\B357435\atiumd64.dll
0x00007ffca4ac0000 - 0x00007ffca4aef000 	C:\Windows\SYSTEM32\amdihk64.dll

dbghelp: loaded successfully - version: 4.0.5 - missing functions: none
symbol engine: initialized successfully - sym options: 0x614 - pdb path: .;C:\Program Files (x86)\Java\jdk-15.0.1\bin;C:\Windows\SYSTEM32;C:\Windows\WinSxS\amd64_microsoft.windows.common-controls_6595b64144ccf1df_6.0.19041.488_none_ca04af081b815d21;C:\Program Files (x86)\Java\jdk-15.0.1\bin\server;C:\Windows\System32\DriverStore\FileRepository\u0357645.inf_amd64_3c66802dbd4d45a0\B357435

VM Arguments:
jvm_args: -Dfile.encoding=Cp1252 -XX:+ShowCodeDetailsInExceptionMessages 
java_command: br.com.scr.telas.CadastrarClientes
java_class_path (initial): D:\ambiente dev\eclipse\workspace\scr\target\classes;D:\ambiente dev\eclipse\workspace\scr\jgoodies-forms-1.8.0.jar;D:\ambiente dev\eclipse\workspace\scr\miglayout15-swing.jar;C:\Users\fredw\.m2\repository\mysql\mysql-connector-java\8.0.14\mysql-connector-java-8.0.14.jar;C:\Users\fredw\.m2\repository\com\google\protobuf\protobuf-java\3.6.1\protobuf-java-3.6.1.jar;C:\Users\fredw\.m2\repository\org\hibernate\hibernate-core\5.4.2.Final\hibernate-core-5.4.2.Final.jar;C:\Users\fredw\.m2\repository\org\jboss\logging\jboss-logging\3.3.2.Final\jboss-logging-3.3.2.Final.jar;C:\Users\fredw\.m2\repository\javax\persistence\javax.persistence-api\2.2\javax.persistence-api-2.2.jar;C:\Users\fredw\.m2\repository\org\javassist\javassist\3.24.0-GA\javassist-3.24.0-GA.jar;C:\Users\fredw\.m2\repository\net\bytebuddy\byte-buddy\1.9.10\byte-buddy-1.9.10.jar;C:\Users\fredw\.m2\repository\antlr\antlr\2.7.7\antlr-2.7.7.jar;C:\Users\fredw\.m2\repository\org\jboss\spec\javax\transaction\jboss-transaction-api_1.2_spec\1.1.1.Final\jboss-transaction-api_1.2_spec-1.1.1.Final.jar;C:\Users\fredw\.m2\repository\org\jboss\jandex\2.0.5.Final\jandex-2.0.5.Final.jar;C:\Users\fredw\.m2\repository\com\fasterxml\classmate\1.3.4\classmate-1.3.4.jar;C:\Users\fredw\.m2\repository\javax\activation\javax.activation-api\1.2.0\javax.activation-api-1.2.0.jar;C:\Users\fredw\.m2\repository\org\dom4j\dom4j\2.1.1\dom4j-2.1.1.jar;C:\Users\fredw\.m2\repository\org\hibernate\common\hibernate-commons-annotations\5.1.0.Final\hibernate-commons-annotations-5.1.0.Final.jar;C:\Users\fredw\.m2\repository\org\glassfish\jaxb\jaxb-runtime\2.3.1\jaxb-runtime-2.3.1.jar;C:\Users\fredw\.m2\repository\org\glassfish\jaxb\txw2\2.3.1\txw2-2.3.1.jar;C:\Users\fredw\.m2\repository\com\sun\istack\istack-commons-runtime\3.0.7\istack-commons-runtime-3.0.7.jar;C:\Users\fredw\.m2\repository\org\jvnet\staxex\stax-ex\1.8\stax-ex-1.8.jar;C:\Users\fredw\.m2\repository\com\sun\xml\fastinfoset\FastInfoset\1.2.15\FastInfoset
Launcher Type: SUN_STANDARD

[Global flags]
     intx CICompilerCount                          = 4                                         {product} {ergonomic}
     uint ConcGCThreads                            = 2                                         {product} {ergonomic}
     uint G1ConcRefinementThreads                  = 8                                         {product} {ergonomic}
   size_t G1HeapRegionSize                         = 2097152                                   {product} {ergonomic}
    uintx GCDrainStackTargetSize                   = 64                                        {product} {ergonomic}
   size_t InitialHeapSize                          = 234881024                                 {product} {ergonomic}
   size_t MarkStackSize                            = 4194304                                   {product} {ergonomic}
   size_t MaxHeapSize                              = 3743416320                                {product} {ergonomic}
   size_t MaxNewSize                               = 2246049792                                {product} {ergonomic}
   size_t MinHeapDeltaBytes                        = 2097152                                   {product} {ergonomic}
   size_t MinHeapSize                              = 8388608                                   {product} {ergonomic}
    uintx NonNMethodCodeHeapSize                   = 5839372                                {pd product} {ergonomic}
    uintx NonProfiledCodeHeapSize                  = 122909434                              {pd product} {ergonomic}
    uintx ProfiledCodeHeapSize                     = 122909434                              {pd product} {ergonomic}
    uintx ReservedCodeCacheSize                    = 251658240                              {pd product} {ergonomic}
     bool SegmentedCodeCache                       = true                                      {product} {ergonomic}
     bool ShowCodeDetailsInExceptionMessages       = true                                   {manageable} {command line}
   size_t SoftMaxHeapSize                          = 3743416320                             {manageable} {ergonomic}
     bool UseCompressedClassPointers               = true                                 {lp64_product} {ergonomic}
     bool UseCompressedOops                        = true                                 {lp64_product} {ergonomic}
     bool UseG1GC                                  = true                                      {product} {ergonomic}
     bool UseLargePagesIndividualAllocation        = false                                  {pd product} {ergonomic}

Logging:
Log output configuration:
 #0: stdout all=warning uptime,level,tags
 #1: stderr all=off uptime,level,tags

Environment Variables:
JAVA_HOME=C:\Program Files\Java\jdk-15.0.1
PATH=C:/Program Files (x86)/Java/jdk-15.0.1/bin/server;C:/Program Files (x86)/Java/jdk-15.0.1/bin;C:\Windows\system32;C:\Windows;C:\Windows\System32\Wbem;C:\Windows\System32\WindowsPowerShell\v1.0\;C:\Windows\System32\OpenSSH\;C:\Program Files (x86)\NVIDIA Corporation\PhysX\Common;C:\Program Files\NVIDIA Corporation\NVIDIA NvDLISR;C:\Program Files\Java\jdk-15.0.1;C:\Program Files\Java\jre1.8.0_271;%C:\Program Files\MySQL\MySQL Shell 8.0\bin\;C:\Users\fredw\AppData\Local\Microsoft\WindowsApps;C:\Program Files (x86)\Java\jdk-15.0.1\bin;;D:\ambiente dev\eclipse - Copia;
USERNAME=fredw
OS=Windows_NT
PROCESSOR_IDENTIFIER=AMD64 Family 23 Model 24 Stepping 1, AuthenticAMD



---------------  S Y S T E M  ---------------

OS:
 Windows 10 , 64 bit Build 19041 (10.0.19041.546)
OS uptime: 6 days 4:24 hours

CPU: total 8 (initial active 8) (8 cores per cpu, 2 threads per core) family 23 model 24 stepping 1 microcode 0x0, cmov, cx8, fxsr, mmx, sse, sse2, sse3, ssse3, sse4.1, sse4.2, popcnt, vzeroupper, avx, avx2, aes, clmul, 3dnowpref, lzcnt, sse4a, ht, tsc, tscinvbit, tscinv, bmi1, bmi2, adx, sha, fma, clflush, clflushopt

Memory: 4k page, system-wide physical 14274M (6394M free)
TotalPageFile size 42813M (AvailPageFile size 2M)
current process WorkingSet (physical memory assigned to process): 54M, peak: 54M
current process commit charge ("private bytes"): 320M, peak: 327M

vm_info: OpenJDK 64-Bit Server VM (15.0.1+9-18) for windows-amd64 JRE (15.0.1+9-18), built on Sep 15 2020 14:39:31 by "mach5one" with unknown MS VC++:1925

END.
